INFO 02 011 - CEDARS-SINAI MEDICAL CENTER - Mcare  - MCal  - Other 
INFO 02 012 - CENTURY CITY HOSPITAL - Mcare ZZT30625F - MCal ZZT30625F - Other 
INFO 02 013 - MIDWAY HOSPITAL MEDICAL CENTER - Mcare  - MCal  - Other 
INFO 02 015 - UCLA HOSPITAL - Mcare  - MCal  - Other 
INFO 02 018 - ST JOHN'S HOSPITAL - Mcare  - MCal  - Other 
INFO 02 054 - . - Mcare  - MCal  - Other 
INFO 02 AI - . - Mcare  - MCal  - Other 
INFO 02 AK - . - Mcare  - MCal  - Other 
INFO 02 AL - . - Mcare  - MCal  - Other 
INFO 02 AMA - . - Mcare  - MCal  - Other 
INFO 02 AN - . - Mcare  - MCal  - Other 
INFO 02 AR - . - Mcare  - MCal  - Other 
INFO 02 AS - . - Mcare  - MCal  - Other 
INFO 02 ASU - OFFICE - Mcare  - MCal  - Other 
INFO 02 AT - . - Mcare  - MCal  - Other 
INFO 02 AYO - . - Mcare  - MCal  - Other 
INFO 02 BAB - . - Mcare  - MCal  - Other 
INFO 02 BAO - . - Mcare  - MCal  - Other 
INFO 02 BAR - OFFICE - Mcare  - MCal  - Other 
INFO 02 BCC - BRIGHTON CONVALESCENT CENTER - Mcare 555338 - MCal  - Other 
INFO 02 BE - PATIENT HOME - Mcare  - MCal  - Other 
INFO 02 BK - . - Mcare  - MCal  - Other 
INFO 02 BR - OFFICE - Mcare  - MCal  - Other 
INFO 02 BUI - . - Mcare  - MCal  - Other 
INFO 02 BV - . - Mcare  - MCal  - Other 
INFO 02 CD - . - Mcare  - MCal  - Other 
INFO 02 CED - CEDARS.VASCULAR DIAGNOSTIC CEN - Mcare  - MCal  - Other 
INFO 02 CJ - . - Mcare  - MCal  - Other 
INFO 02 CL - . - Mcare  - MCal  - Other 
INFO 02 CN - . - Mcare  - MCal  - Other 
INFO 02 CNN - . - Mcare  - MCal  - Other 
INFO 02 CP - CENTER AT PARKWEST, INC - Mcare 00012 - MCal  - Other 
INFO 02 CR - CALIFORNIA HEALTHCARE & RAHAB - Mcare 00013 - MCal  - Other 
INFO 02 CRP - . - Mcare  - MCal  - Other 
INFO 02 DAV - OFFICE - Mcare  - MCal  - Other 
INFO 02 DIS - . - Mcare  - MCal  - Other 
INFO 02 DL - . - Mcare  - MCal  - Other 
INFO 02 DO - . - Mcare  - MCal  - Other 
INFO 02 ED - . - Mcare  - MCal  - Other 
INFO 02 EL - . - Mcare  - MCal  - Other 
INFO 02 EZP - . - Mcare  - MCal  - Other 
INFO 02 FR - OFFICE - Mcare  - MCal  - Other 
INFO 02 GA - OFFICE - Mcare  - MCal  - Other 
INFO 02 GT - . - Mcare  - MCal  - Other 
INFO 02 HAS - OFFICE - Mcare  - MCal  - Other 
INFO 02 HAY - . - Mcare  - MCal  - Other 
INFO 02 HEN - . - Mcare  - MCal  - Other 
INFO 02 HER - . - Mcare  - MCal  - Other 
INFO 02 HH - . - Mcare  - MCal  - Other 
INFO 02 HHA - CSMC HOME HEALTH AGENCY - Mcare 057434 - MCal 713426 - Other 
INFO 02 HIL - . - Mcare  - MCal  - Other 
INFO 02 HM - . - Mcare  - MCal  - Other 
INFO 02 HOW - . - Mcare  - MCal  - Other 
INFO 02 HR - . - Mcare  - MCal  - Other 
INFO 02 HSH - HILLSIDE HOUSE - Mcare ZZT05881F - MCal  - Other 
INFO 02 HV - . - Mcare  - MCal  - Other 
INFO 02 JAQ - . - Mcare  - MCal  - Other 
INFO 02 JK - . - Mcare  - MCal  - Other 
INFO 02 JN - OFFICE - Mcare  - MCal  - Other 
INFO 02 KP - . - Mcare  - MCal  - Other 
INFO 02 KR - . - Mcare  - MCal  - Other 
INFO 02 LAF - . - Mcare  - MCal  - Other 
INFO 02 LB - . - Mcare  - MCal  - Other 
INFO 02 LD - . - Mcare  - MCal  - Other 
INFO 02 LV - . - Mcare  - MCal  - Other 
INFO 02 MA - . - Mcare  - MCal  - Other 
INFO 02 MAS - OFFICE - Mcare  - MCal  - Other 
INFO 02 MAY - MAYWOOD ACRES HEALTHCARE - Mcare  - MCal 055597 - Other 
INFO 02 MC - MARINA CARE CENTER - Mcare 555340 - MCal  - Other 
INFO 02 MEH - . - Mcare  - MCal  - Other 
INFO 02 MG - . - Mcare  - MCal  - Other 
INFO 02 MHC - MILESTONE HEALTH CARE - Mcare 555751 - MCal  - Other 
INFO 02 ML - OFFICE - Mcare  - MCal  - Other 
INFO 02 MOR - . - Mcare  - MCal  - Other 
INFO 02 MW - . - Mcare  - MCal  - Other 
INFO 02 N1 - COUNTRY VILLA MAR VISTA - Mcare  - MCal  - Other 
INFO 02 N2 - HANCOCK PARK CONV HOSP - Mcare  - MCal  - Other 
INFO 02 N3 - REHAB CENTER OF BEVERLY HILLS - Mcare 555700 - MCal  - Other 
INFO 02 N4 - NEW VISTA P/A SKILLED NRSNG - Mcare  - MCal  - Other 
INFO 02 N7 - BERKSHIRE CONVALESCENT - Mcare  - MCal  - Other 
INFO 02 NF - GUARDIAN REHAB CENTER - Mcare 056008 - MCal  - Other 
INFO 02 NH - . - Mcare  - MCal  - Other 
INFO 02 NI - . - Mcare  - MCal  - Other 
INFO 02 NIN - . - Mcare  - MCal  - Other 
INFO 02 NK - . - Mcare  - MCal  - Other 
INFO 02 NN - . - Mcare  - MCal  - Other 
INFO 02 NS - . - Mcare  - MCal  - Other 
INFO 02 O - MIKHAIL VIZEL, MD, INC. - Mcare  - MCal  - Other 
INFO 02 OB - . - Mcare  - MCal  - Other 
INFO 02 OL - OFFICE - Mcare  - MCal  - Other 
INFO 02 OR - . - Mcare  - MCal  - Other 
INFO 02 PAC - . - Mcare  - MCal  - Other 
INFO 02 PET - . - Mcare  - MCal  - Other 
INFO 02 PG - PANORAMA GARDENS - Mcare 056337 - MCal  - Other 
INFO 02 POR - . - Mcare  - MCal  - Other 
INFO 02 PR - . - Mcare  - MCal  - Other 
INFO 02 PT - . - Mcare  - MCal  - Other 
INFO 02 RAD - OFFICE - Mcare  - MCal  - Other 
INFO 02 REM - . - Mcare  - MCal  - Other 
INFO 02 RO - . - Mcare  - MCal  - Other 
INFO 02 SAL - . - Mcare  - MCal  - Other 
INFO 02 SC - SHARON CARE NURSING HOME - Mcare 055755 - MCal  - Other 
INFO 02 SCH - OFFICE - Mcare  - MCal  - Other 
INFO 02 SEP - . - Mcare  - MCal  - Other 
INFO 02 SHS - SHORELINE CARE CENTER - Mcare 555163 - MCal  - Other 
INFO 02 SIN - . - Mcare  - MCal  - Other 
INFO 02 SM - . - Mcare  - MCal  - Other 
INFO 02 SMC - SANTA MONICA CONVALESCENT - Mcare  - MCal  - Other 
INFO 02 SN - . - Mcare  - MCal  - Other 
INFO 02 SOO - . - Mcare  - MCal  - Other 
INFO 02 SS - . - Mcare  - MCal  - Other 
INFO 02 ST - . - Mcare  - MCal  - Other 
INFO 02 ST1 - . - Mcare  - MCal  - Other 
INFO 02 STO - . - Mcare  - MCal  - Other 
INFO 02 SUL - . - Mcare  - MCal  - Other 
INFO 02 SW - . - Mcare  - MCal  - Other 
INFO 02 TAS - . - Mcare  - MCal  - Other 
INFO 02 TRA - . - Mcare  - MCal  - Other 
INFO 02 UC - . - Mcare  - MCal  - Other 
INFO 02 US - . - Mcare  - MCal  - Other 
INFO 02 VA - . - Mcare  - MCal  - Other 
INFO 02 VH - . - Mcare  - MCal  - Other 
INFO 02 VN - VAN NUYS HEALTHCARE CENTER - Mcare 00014 - MCal  - Other 
INFO 02 WAH - . - Mcare  - MCal  - Other 
INFO 02 WAT - . - Mcare  - MCal  - Other 
INFO 02 WC - OFFICE - Mcare  - MCal  - Other 
INFO 02 WL - OFFICE - Mcare  - MCal  - Other 
INFO 02 WLA - W.L.A PAVILION CONV. HOSPITAL - Mcare  - MCal  - Other 
INFO 02 WO - . - Mcare  - MCal  - Other 
INFO 02 WRT - . - Mcare  - MCal  - Other 
INFO 02 Y - *DELETED - Mcare  - MCal  - Other 
INFO 02 YA - . - Mcare  - MCal  - Other 
INFO 02 ZB - . - Mcare  - MCal  - Other 
INFO 02 ZT - . - Mcare  - MCal  - Other 
INFO 02 BAL - . - Mcare  - MCal  - Other 
INFO 02 FL - . - Mcare  - MCal  - Other 
INFO 02 TH - TEMPLE COMMUNITY HOSPITAL - Mcare 050111 - MCal  - Other 
INFO 02 TL - OFFICE - Mcare  - MCal  - Other 
INFO 02 QF - OFFICE - Mcare  - MCal  - Other 
INFO 02 JF - OFFICE - Mcare  - MCal  - Other 
INFO 02 AC - OFFICE - Mcare  - MCal  - Other 
INFO 02 GJ - OFFICE - Mcare  - MCal  - Other 
INFO 02 SD - OFFICE - Mcare  - MCal  - Other 
INFO 02 GM - OFFICE - Mcare  - MCal  - Other 
INFO 02 RA - OFFICE - Mcare  - MCal  - Other 
INFO 02 WJ - OFFICE - Mcare  - MCal  - Other 
INFO 02 MO - OFFICE - Mcare  - MCal  - Other 
INFO 02 HN - OFFICE - Mcare  - MCal  - Other 
INFO 02 RL - OFFICE - Mcare  - MCal  - Other 
INFO 02 FA - OFFICE - Mcare  - MCal  - Other 
INFO 02 KU - OFFICE - Mcare  - MCal  - Other 
INFO 02 BH - OFFICE - Mcare  - MCal  - Other 
INFO 02 CU - OFFICE - Mcare  - MCal  - Other 
INFO 02 MI - OFFICE - Mcare  - MCal  - Other 
INFO 02 KL - PATIENT HOME - Mcare  - MCal  - Other 
INFO 02 TO - OFFICE - Mcare  - MCal  - Other 
INFO 02 SU - OFFICE - Mcare  - MCal  - Other 
INFO 02 MR - OFFICE - Mcare  - MCal  - Other 
INFO 02 OH - OFFICE - Mcare  - MCal  - Other 
INFO 02 ATL - OFFICE - Mcare  - MCal  - Other 
INFO 02 HD - OFFICE - Mcare  - MCal  - Other 
INFO 02 BU - OFFICE - Mcare  - MCal  - Other 
INFO 02 YU - OFFICE - Mcare  - MCal  - Other 
INFO 02 ME - OFFICE - Mcare  - MCal  - Other 
INFO 02 JA - OFFICE - Mcare  - MCal  - Other 
INFO 02 AB - OFFICE - Mcare  - MCal  - Other 
INFO 02 FE - OFFICE - Mcare  - MCal  - Other 
INFO 02 ES - OFFICE - Mcare  - MCal  - Other 
INFO 02 YK - OFFICE - Mcare  - MCal  - Other 
INFO 02 MS - OFFICE - Mcare  - MCal  - Other 
INFO 02 EP - OFFICE - Mcare  - MCal  - Other 
INFO 02 ZZ - OFFICE - Mcare  - MCal  - Other 
INFO 02 NA - OFFICE - Mcare  - MCal  - Other 
INFO 02 GI - OFFICE - Mcare  - MCal  - Other 
INFO 02 RH - OFFICE - Mcare  - MCal  - Other 
INFO 02 LN - OFFICE - Mcare  - MCal  - Other 
INFO 02 CH - OFFICE - Mcare  - MCal  - Other 
INFO 02 WI - OFFICE - Mcare  - MCal  - Other 
INFO 02 GRI - OFFICE - Mcare  - MCal  - Other 
INFO 02 SH - OFFICE - Mcare  - MCal  - Other 
INFO 02 LY - OFFICE - Mcare  - MCal  - Other 
INFO 02 MIL - OFFICE - Mcare  - MCal  - Other 
INFO 02 GO - OFFICE - Mcare  - MCal  - Other 
INFO 02 RT - OFFICE - Mcare  - MCal  - Other 
INFO 02 GR - OFFICE - Mcare  - MCal  - Other 
INFO 02 RF - OFFICE - Mcare  - MCal  - Other 
INFO 02 WA - OFFICE - Mcare  - MCal  - Other 
INFO 02 CS - OFFICE - Mcare  - MCal  - Other 
INFO 02 TY - OFFICE - Mcare  - MCal  - Other 
INFO 02 MT - OFFICE - Mcare  - MCal  - Other 
INFO 02 LI - OFFICE - Mcare  - MCal  - Other 
INFO 02 CHU - OFFICE - Mcare  - MCal  - Other 
INFO 02 PA - OFFICE - Mcare  - MCal  - Other 
INFO 02 SY - OFFICE - Mcare  - MCal  - Other 
INFO 02 RD - OFFICE - Mcare  - MCal  - Other 
INFO 02 CHE - OFFICE - Mcare  - MCal  - Other 
INFO 02 WE - OFFICE - Mcare  - MCal  - Other 
INFO 02 QUE - OFFICE - Mcare  - MCal  - Other 
INFO 02 SUA - OFFICE - Mcare  - MCal  - Other 
INFO 02 WIL - OFFICE - Mcare  - MCal  - Other 
INFO 02 NAT - OFFICE - Mcare  - MCal  - Other 
INFO 02 THO - TARZANA HOSPITAL - Mcare HSP050561 - MCal HSC31408I - Other 050561
INFO 02 EH - ENCINO HOSPITAL - Mcare HSP050158 - MCal HSC31408I - Other 
INFO 02 SP - SURGERY PRO CENTERS - Mcare  - MCal  - Other 
INFO 02 CRE - OFFICE - Mcare  - MCal  - Other 
INFO 02 FRD - OFFICE - Mcare  - MCal  - Other 
INFO 02 GRE - OFFECE - Mcare  - MCal  - Other 
INFO 02 MIC - OFFICE - Mcare  - MCal  - Other 
INFO 02 BHU - OFFICE - Mcare  - MCal  - Other 
INFO 02 SIL - OFFICE - Mcare  - MCal  - Other 
INFO 02 BRG - BRIGHTON GARDENS OF NORTHRIDGE - Mcare 555791 - MCal  - Other 
INFO 02 WT - WINDSOR TERRACE HEALTHCARE - Mcare 555738 - MCal  - Other 
INFO 02 ELB - OFFICE - Mcare  - MCal  - Other 
INFO 02 TRE - TARZANA HEALTH REHAB CENTER - Mcare 056124 - MCal ZZT06124N - Other 
INFO 02 SAK - OFFICE - Mcare  - MCal  - Other 
INFO 02 GST - GOLDEN STATE CONVAL HOSPITAL - Mcare  - MCal 055443 - Other 
INFO 02 LEE - OFFICE - Mcare  - MCal  - Other 
INFO 02 EVD - OFFICE - Mcare  - MCal  - Other 
INFO 02 BOS - OFFICE - Mcare  - MCal  - Other 
INFO 02 DVD - OFFICE - Mcare  - MCal  - Other 
INFO 02 NEM - OFFICE - Mcare  - MCal  - Other 
INFO 02 DOM - OFFICE - Mcare  - MCal  - Other 
INFO 02 ELL - OFFICE - Mcare  - MCal  - Other 
INFO 02 LLA - OFFICE - Mcare  - MCal  - Other 
INFO 02 GOU - OFFICE - Mcare  - MCal  - Other 
INFO 02 MEL - OFFICE - Mcare  - MCal  - Other 
INFO 02 BUE - OFFICE - Mcare  - MCal  - Other 
INFO 02 MET - METROPOLITAN MEDICAL CENTER - Mcare 050644 - MCal  - Other 
INFO 02 LES - OFFICE - Mcare  - MCal  - Other 
INFO 02 FOR - OFFICE - Mcare  - MCal  - Other 
INFO 02 ALE - OFFICE - Mcare  - MCal  - Other 
INFO 02 WEL - WELLNESS SURGERY CENTER - Mcare  - MCal  - Other 
INFO 02 NAV - OFFICE - Mcare  - MCal  - Other 
INFO 02 ALD - OFFICE - Mcare  - MCal  - Other 
INFO 02 WOD - WOODLAND CARE CENTER - Mcare 056066 - MCal  - Other 1427049816
INFO 02 ROB - OFFICE - Mcare  - MCal  - Other 
INFO 02 HSN - OFFICE - Mcare  - MCal  - Other 
INFO 02 SUS - OFFICE - Mcare  - MCal  - Other 
INFO 02 CAV - CALIFORNIA VILLA ASSISTING - Mcare  - MCal  - Other 
INFO 02 CAR - OFFICE - Mcare  - MCal  - Other 
INFO 02 ENR - OFFICE - Mcare  - MCal  - Other 
INFO 02 PRA - OFFICE - Mcare  - MCal  - Other 
INFO 02 RIE - OFFICE - Mcare  - MCal  - Other 
INFO 02 ING - OFFICE - Mcare  - MCal  - Other 
INFO 02 GER - OFFICE - Mcare  - MCal  - Other 
INFO 02 JAH - OFFICE - Mcare  - MCal  - Other 
INFO 02 ELS - OFFICE - Mcare  - MCal  - Other 
INFO 02 JLH - JUST LIKE HOME - Mcare  - MCal  - Other 
INFO 02 GAC - GARDNER BOARD AND CARE - Mcare  - MCal  - Other 
INFO 02 SUM - SUMMERVILLE AT TARZANA - Mcare  - MCal  - Other 
INFO 02 SNR - SUNRISE SENOIR LIVING - Mcare  - MCal  - Other 
INFO 02 ASN - OFFICE - Mcare  - MCal  - Other 
INFO 02 ERL - OFFICE - Mcare  - MCal  - Other 
INFO 02 EME - OFFICE - Mcare  - MCal  - Other 
INFO 02 MAR - OFFICE - Mcare  - MCal  - Other 
INFO 02 MLS - OFFICE - Mcare  - MCal  - Other 
INFO 02 ERI - OFFICE - Mcare  - MCal  - Other 
INFO 02 MSN - OFFICE - Mcare  - MCal  - Other 
INFO 02 GAR - OFFICE - Mcare  - MCal  - Other 
INFO 02 ASS - OFFICE - Mcare  - MCal  - Other 
INFO 02 WEB - OFFICE - Mcare  - MCal  - Other 
INFO 02 SON - OFFICE - Mcare  - MCal  - Other 
INFO 02 LIN - OFFICE - Mcare  - MCal  - Other 
INFO 02 EKE - OFFICE - Mcare  - MCal  - Other 
INFO 02 MIR - OFFICE - Mcare  - MCal  - Other 
INFO 02 HSU - OFFICE - Mcare  - MCal  - Other 
INFO 02 LAW - OFFICE - Mcare  - MCal  - Other 
INFO 02 SEI - OFFICE - Mcare  - MCal  - Other 
INFO 02 COR - OFFICE - Mcare  - MCal  - Other 
INFO 02 BER - BERKLEY VALLEY CONVALESCENT - Mcare 056253 - MCal  - Other 
INFO 02 KRO - OFFICE - Mcare  - MCal  - Other 
INFO 02 CHA - OFFICE - Mcare  - MCal  - Other 
INFO 02 BRW - OFFICE - Mcare  - MCal  - Other 
INFO 02 FRG - OFFICE - Mcare  - MCal  - Other 
INFO 02 SED - OFFICE - Mcare  - MCal  - Other 
INFO 02 KOJ - OFFICE - Mcare  - MCal  - Other 
INFO 02 LIF - OFFICE - Mcare  - MCal  - Other 
INFO 02 LAK - LAKE BALBOA CARE CENTER - Mcare 056180 - MCal 056180 - Other 
INFO 02 JUS - OFFICE - Mcare  - MCal  - Other 
INFO 02 IBR - OFFICE - Mcare  - MCal  - Other 
INFO 02 SRA - OFFICE - Mcare  - MCal  - Other 
INFO 02 GHA - OFFICE - Mcare  - MCal  - Other 
INFO 02 SOK - P. SOKOLSKY, MD - Mcare  - MCal  - Other 
INFO 02 HAT - OFFICE - Mcare  - MCal  - Other 
INFO 02 THI - OFFICE - Mcare  - MCal  - Other 
INFO 02 EKL - OFFICE - Mcare  - MCal  - Other 
INFO 02 FRE - OFFICE - Mcare  - MCal  - Other 
INFO 02 CAS - OFFICE - Mcare  - MCal  - Other 
INFO 02 BOY - OFFICE - Mcare  - MCal  - Other 
INFO 02 BIS - OFFICE - Mcare  - MCal  - Other 
INFO 02 YUR - OFFICE - Mcare  - MCal  - Other 
INFO 02 WHI - OFFICE - Mcare  - MCal  - Other 
INFO 02 ZAP - OFFICE - Mcare  - MCal  - Other 
INFO 02 HRA - OFFICE - Mcare  - MCal  - Other 
INFO 02 JOV - OFFICE - Mcare  - MCal  - Other 
INFO 02 TSI - OFFICE - Mcare  - MCal  - Other 
INFO 02 WES - OFFICE - Mcare  - MCal  - Other 
INFO 02 CHN - OFFICE - Mcare  - MCal  - Other 
INFO 02 BY - OFFICE - Mcare  - MCal  - Other 
INFO 02 DU - OFFICE - Mcare  - MCal  - Other 
INFO 02 GIA - OFFICE - Mcare  - MCal  - Other 
INFO 02 EST - OFFICE - Mcare  - MCal  - Other 
INFO 02 KRN - OFFICE - Mcare  - MCal  - Other 
INFO 02 BRD - OFFICE - Mcare  - MCal  - Other 
INFO 02 PAK - OFFICE - Mcare  - MCal  - Other 
INFO 02 AZR - OFFICE - Mcare  - MCal  - Other 
INFO 02 JON - OFFICE - Mcare  - MCal  - Other 
INFO 02 WEJ - OFFICE - Mcare  - MCal  - Other 
INFO 02 KRE - OFFICE - Mcare  - MCal  - Other 
INFO 02 ACC - OFFICE - Mcare  - MCal  - Other 
INFO 02 CSL - OFFICE - Mcare  - MCal  - Other 
INFO 02 KNB - OFFICE - Mcare  - MCal  - Other 
INFO 02 TOR - THOUSAND OAKS ROYAL - Mcare  - MCal  - Other 
INFO 02 HC - HILLCREST ROYAL RESIDENCE - Mcare  - MCal  - Other 
INFO 02 CHT - CHATSWORTH PARK CARE CENTER - Mcare HSP056351 - MCal ZZ718516G - Other 1033112701
INFO 02 SHE - SHERMAN OAKS GARDENS - Mcare  - MCal  - Other 
INFO 02 FF - F&F P HOME CARE, INC - Mcare  - MCal  - Other 
INFO 02 GH - GENERATIONS HEALTHCARE - Mcare 555822 - MCal  - Other 
INFO 02 SV - SHERMAN VILLAGE CARE CENTER - Mcare 00011 - MCal  - Other 
INFO 02 VP - VALLEY PALMS CARE CENTER - Mcare 00015 - MCal  - Other 
INFO 02 RN - RINALDI CONVALESCENT HOSPITAL - Mcare 00016 - MCal  - Other 
INFO 02 GS - GOLDSTAR HEALTHCARE CENTER - Mcare 00017 - MCal  - Other 
INFO 02 B - BERKLEY VALLEY CONVALESCENT - Mcare 00018 - MCal  - Other 
INFO 02 CC - GENERATIONS HEALTHCARE OF CANO - Mcare 00019 - MCal  - Other 
INFO 02 CPW - CENTER AT PARK WEST, INC - Mcare 00012 - MCal M0012 - Other 
INFO 02 BG - BRIGHTON GARDE ASSISTED LIVING - Mcare  - MCal  - Other 
INFO 03 011 - CEDARS-SINAI MEDICAL CENTER - Mcare  - MCal  - Other 
INFO 03 012 - CENTURY CITY HOSPITAL - Mcare ZZT30625F - MCal ZZT30625F - Other 
INFO 03 013 - MIDWAY HOSPITAL MEDICAL CENTER - Mcare  - MCal  - Other 
INFO 03 015 - UCLA HOSPITAL - Mcare  - MCal  - Other 
INFO 03 018 - ST JOHN'S HOSPITAL - Mcare  - MCal  - Other 
INFO 03 CTR - OFFICE - Mcare  - MCal  - Other 
INFO 03 CED - CEDARS.VASCULAR DIAGNOSTIC CEN - Mcare  - MCal  - Other 
INFO 03 CAL - CALIFORNIA VILLA - Mcare  - MCal  - Other 
INFO 03 MVC - MOUNTAIN VIEW - Mcare  - MCal  - Other 
INFO 03 HHA - CSMC HOME HEALTH AGENCY - Mcare 057434 - MCal 713426 - Other 
INFO 03 N1 - COUNTRY VILLA MAR VISTA - Mcare  - MCal  - Other 
INFO 03 N2 - HANCOCK PARK CONV HOSP - Mcare  - MCal  - Other 
INFO 03 N3 - REHAB CENTER OF BEVERLY HILLS - Mcare 555700 - MCal  - Other 
INFO 03 N4 - NEW VISTA P/A SKILLED NRSNG - Mcare  - MCal  - Other 
INFO 03 N7 - BERKSHIRE CONVALESCENT - Mcare  - MCal  - Other 
INFO 03 NF - GUARDIAN REHAB CENTER - Mcare 056008 - MCal  - Other 
INFO 03 NH - . - Mcare  - MCal  - Other 
INFO 03 PR - *DELETED - Mcare  - MCal  - Other 
INFO 03 SC - SHARON CARE NURSING HOME - Mcare  - MCal  - Other 
INFO 03 SM - . - Mcare  - MCal  - Other 
INFO 03 SMC - SANTA MONICA CONVALESCENT - Mcare  - MCal  - Other 
INFO 03 WLA - W.L.A PAVILION CONV. HOSPITAL - Mcare  - MCal  - Other 
INFO 03 CR - CALIFORNIA HEALTHCARE & REHAB - Mcare 00013 - MCal 00039 - Other 
INFO 03 B - . - Mcare  - MCal  - Other 
INFO 03 B2 - . - Mcare  - MCal  - Other 
INFO 03 N - . - Mcare  - MCal  - Other 
INFO 03 JS - . - Mcare  - MCal  - Other 
INFO 03 SU - . - Mcare  - MCal  - Other 
INFO 03 HL - OFFICE - Mcare  - MCal  - Other 
INFO 03 GA - GLENDALE ADVENTIST MEDICAL CEN - Mcare 00004 - MCal HSC3067F - Other 
INFO 03 LAK - LAKE BALBOA CARE CENTER - Mcare 056180 - MCal 056180 - Other 
INFO 03 CHT - CHATSWORTH PARK CARE CENTER - Mcare 056351 - MCal ZZ718516G - Other 
INFO 03 WT - WINDSOR TERRACE HEALTHCARE - Mcare 555738 - MCal  - Other 
INFO 03 PG - PANORAMA GARDENS - Mcare 056337 - MCal 00037 - Other 
INFO 03 CC - GENERATIONS HEALTHCARE OF CANO - Mcare 00019 - MCal  - Other 
INFO 03 BK - BERKLEY VALLEY CONVALESCENT - Mcare 00018 - MCal 000018 - Other 
INFO 03 RD - RINALDI CONVALESCENT HOSPITAL - Mcare 00016 - MCal  - Other 
INFO 03 VP - VALLEY PALMS CARE CENTER - Mcare 00015 - MCal 10015 - Other 
INFO 03 CPW - CENTER AT PARKWEST, INC. - Mcare 00012 - MCal 00038 - Other 
INFO 03 SV - SHERMAN VILLAGE CARE CENTER - Mcare 00011 - MCal  - Other 
INFO 03 GS - GOLDSTAR HEALTHCARE CENTER - Mcare 00017 - MCal  - Other 
INFO 03 VN - VAN NUYS HEALTHCARE CENTER - Mcare 00014 - MCal  - Other 
INFO 03 CV - COUNTRY VILLA WOODMAN HEALTHCA - Mcare 00020 - MCal  - Other 
INFO 03 CAS - CASITAS CARE CENTER - Mcare 056148 - MCal  - Other 
INFO 03 PV - VALLEY PRESPYTERIAN HOSPITAL - Mcare 10001 - MCal 10002 - Other 
INFO 03 SUN - SUNLAND - Mcare  - MCal  - Other 
INFO 03 GH - GRANADA HILLS CONVALECENT - Mcare 000035 - MCal 000005 - Other 
INFO 03 TR - TARZANA HEALTH AND REHABILITAT - Mcare 056124 - MCal ZZT06124N - Other 
INFO 03 N. - . - Mcare  - MCal  - Other 
INFO 03 WD - WOODLAND CARE CENTER - Mcare 056066 - MCal  - Other 
INFO 03 HM - HOLIDAY MANOR CARE CENTER - Mcare 00C15 - MCal 00C15 - Other 
INFO 03 WV - WEST VALLEY HEALTHCARE CENTER - Mcare 0021 - MCal 0021 - Other 
INFO 03 SO - SHERMAN OAKS NURSING - Mcare 00013 - MCal 00013 - Other 
INFO 03 WH - WEST HILLS - Mcare  - MCal 000015 - Other 
INFO 03 AE - AEGIS OF GRANADA HILLS - Mcare  - MCal  - Other 
INFO 03 H - HIGHLAND MANOR - Mcare  - MCal  - Other 
INFO 03 MT - MOUNTAIN VIEW CARE - Mcare  - MCal  - Other 
INFO 01 HHA - CSMC HOME HEALTH AGENCY - Mcare 057434 - MCal 713426 - Other 
INFO 01 011 - CEDARS-SINAI MEDICAL CENTER - Mcare  - MCal  - Other 
INFO 01 012 - CENTURY CITY HOSPITAL - Mcare ZZT30625F - MCal ZZT30625F - Other 
INFO 01 013 - MIDWAY HOSPITAL MEDICAL CENTER - Mcare  - MCal  - Other 
INFO 01 015 - UCLA HOSPITAL - Mcare  - MCal  - Other 
INFO 01 018 - ST JOHN'S HOSPITAL - Mcare  - MCal  - Other 
INFO 01 N1 - COUNTRY VILLA MAR VISTA - Mcare  - MCal  - Other 
INFO 01 N2 - HANCOCK PARK CONV HOSP - Mcare  - MCal  - Other 
INFO 01 N3 - REHAB CENTER OF BEVERLY HILLS - Mcare 555700 - MCal  - Other 
INFO 01 N4 - NEW VISTA P/A SKILLED NRSNG - Mcare  - MCal  - Other 
INFO 01 SC - SHARON CARE NURSING HOME - Mcare  - MCal  - Other 
INFO 01 NF - GUARDIAN REHAB CENTER - Mcare 056008 - MCal  - Other 
INFO 01 SMC - SANTA MONICA CONVALESCENT - Mcare  - MCal  - Other 
INFO 01 N7 - BERKSHIRE CONVALESCENT - Mcare  - MCal  - Other 
INFO 01 WLA - W.L.A PAVILION CONV. HOSPITAL - Mcare  - MCal  - Other 
INFO 01 CED - CEDARS.VASCULAR DIAGNOSTIC CEN - Mcare  - MCal  - Other 
INFO 01 SM - . - Mcare  - MCal  - Other 
INFO 01 NH - . - Mcare  - MCal  - Other 
INFO 01 BV - . - Mcare  - MCal  - Other 
INFO 01 EM - . - Mcare  - MCal  - Other 
INFO 01 PM - . - Mcare  - MCal  - Other 
INFO 01 EL - . - Mcare  - MCal  - Other 
INFO 01 LB - . - Mcare  - MCal  - Other 
INFO 01 R - . - Mcare  - MCal  - Other 
INFO 01 S - SUNSET - Mcare  - MCal  - Other 
INFO 01 MUA - MAURAN AMBULANCE SERVICE, INC - Mcare Z345 - MCal  - Other 
INFO 01 C - . - Mcare  - MCal  - Other 
INFO 01 DR - DARNELL HOME HEALTH SERVICES - Mcare 557658 - MCal  - Other 
INFO 01 UN - UNITED MEDICAL HOME CARE, INC. - Mcare 557683 - MCal  - Other 
INFO 01 FC - FIRST CARE HOME HEALTH INC. - Mcare 557586 - MCal  - Other 
INFO 01 CQ - CQI HOMECARE INC. - Mcare 557551 - MCal  - Other 
INFO 01 EX - EXCELLENT IN-HOME CARE, INC. - Mcare 0058000 - MCal  - Other 
INFO 01 CA - CITY  OF ANGELES - Mcare 050725 - MCal  - Other 
INFO 01 B - . - Mcare  - MCal  - Other 
INFO 01 SA - . - Mcare  - MCal  - Other 
INFO 01 LV - GELMOR MANER BOARDING CARE - Mcare  - MCal  - Other 
INFO 01 GL - . - Mcare  - MCal  - Other 
INFO 01 B2 - . - Mcare  - MCal  - Other 
INFO 01 B3 - . - Mcare  - MCal  - Other 
INFO 01 ST - . - Mcare  - MCal  - Other 
INFO 01 CN - . - Mcare  - MCal  - Other 
INFO 01 CTN - . - Mcare  - MCal  - Other 
INFO 01 ID - . - Mcare  - MCal  - Other 
INFO 01 Y - . - Mcare  - MCal  - Other 
INFO 01 MC - MISSION COMMUNITY HOSPITAL - Mcare 050704 - MCal  - Other 
INFO 01 NIN - . - Mcare  - MCal  - Other 
INFO 01 MW - . - Mcare  - MCal  - Other 
INFO 01 SUN - SUN AIR CONVALESCENT HOSPITAL - Mcare 056137 - MCal  - Other 
INFO 01 B4 - . - Mcare  - MCal  - Other 
INFO 01 H - . - Mcare  - MCal  - Other 
INFO 01 GV - . - Mcare  - MCal  - Other 
INFO 01 SR - . - Mcare  - MCal  - Other 
INFO 01 NUN - . - Mcare  - MCal  - Other 
INFO 01 ZR - . - Mcare  - MCal  - Other 
INFO 01 GH - GRANADA HILLS COMMUNITY HOSP. - Mcare  - MCal  - Other 
INFO 01 VR - . - Mcare  - MCal  - Other 
INFO 01 H3 - . - Mcare  - MCal  - Other 
INFO 01 ALL - ALL CARE HOME HEALTH PROVIDER - Mcare 557615 - MCal  - Other 
INFO 01 TH - TEMPLE COMMUNITY HOSPITAL - Mcare 050111 - MCal  - Other 
INFO 06 BU - OFFICE - Mcare  - MCal  - Other 
INFO 06 RE - OFFICE - Mcare  - MCal  - Other 
INFO 06 RO - OFFICE - Mcare  - MCal  - Other 
INFO 06 RS - OFFICE - Mcare  - MCal  - Other 
INFO 06 FW - OFFICE - Mcare  - MCal  - Other 
INFO 06 SW - OFFICE - Mcare  - MCal  - Other 
INFO 06 GA - OFFICE - Mcare  - MCal  - Other 
INFO 06 KL - OFFICE - Mcare  - MCal  - Other 
INFO 06 CE - OFFICE - Mcare  - MCal  - Other 
INFO 07 011 - CEDARS-SINAI MEDICAL CENTER - Mcare  - MCal  - Other 
INFO 07 012 - CENTURY CITY HOSPITAL - Mcare ZZT30625F - MCal ZZT30625F - Other 
INFO 07 013 - MIDWAY HOSPITAL MEDICAL CENTER - Mcare  - MCal  - Other 
INFO 07 015 - UCLA HOSPITAL - Mcare  - MCal  - Other 
INFO 07 018 - ST JOHN'S HOSPITAL - Mcare  - MCal  - Other 
INFO 07 BV - . - Mcare  - MCal  - Other 
INFO 07 CED - CEDARS.VASCULAR DIAGNOSTIC CEN - Mcare  - MCal  - Other 
INFO 07 EL - . - Mcare  - MCal  - Other 
INFO 07 EM - . - Mcare  - MCal  - Other 
INFO 07 HHA - CSMC HOME HEALTH AGENCY - Mcare 057434 - MCal 713426 - Other 
INFO 07 N1 - COUNTRY VILLA MAR VISTA - Mcare  - MCal  - Other 
INFO 07 N2 - HANCOCK PARK CONV HOSP - Mcare  - MCal  - Other 
INFO 07 N3 - REHAB CENTER OF BEVERLY HILLS - Mcare 555700 - MCal  - Other 
INFO 07 N4 - NEW VISTA P/A SKILLED NRSNG - Mcare  - MCal  - Other 
INFO 07 N7 - BERKSHIRE CONVALESCENT - Mcare  - MCal  - Other 
INFO 07 NF - GUARDIAN REHAB CENTER - Mcare 056008 - MCal  - Other 
INFO 07 NH - . - Mcare  - MCal  - Other 
INFO 07 PM - . - Mcare  - MCal  - Other 
INFO 07 SC - SHARON CARE NURSING HOME - Mcare  - MCal  - Other 
INFO 07 SM - . - Mcare  - MCal  - Other 
INFO 07 SMC - SANTA MONICA CONVALESCENT - Mcare  - MCal  - Other 
INFO 07 WLA - W.L.A PAVILION CONV. HOSPITAL - Mcare  - MCal  - Other 
INFO 07 CR - . - Mcare  - MCal  - Other 
INFO 07 PR - . - Mcare  - MCal  - Other 
INFO 07 B - . - Mcare  - MCal  - Other 
INFO 07 B2 - . - Mcare  - MCal  - Other 
INFO 07 N - . - Mcare  - MCal  - Other 
INFO 07 JS - . - Mcare  - MCal  - Other 
INFO 04 011 - CEDARS-SINAI MEDICAL CENTER - Mcare M050625 - MCal  - Other 
INFO 04 012 - CENTURY CITY HOSPITAL - Mcare ZZT30625F - MCal ZZT30625F - Other 
INFO 04 013 - MIDWAY HOSPITAL MEDICAL CENTER - Mcare  - MCal  - Other 
INFO 04 015 - UCLA HOSPITAL - Mcare  - MCal  - Other 
INFO 04 018 - ST JOHN'S HOSPITAL - Mcare  - MCal  - Other 
INFO 04 BV - . - Mcare  - MCal  - Other 
INFO 04 CED - CEDARS.VASCULAR DIAGNOSTIC CEN - Mcare  - MCal  - Other 
INFO 04 EL - . - Mcare  - MCal  - Other 
INFO 04 EM - . - Mcare  - MCal  - Other 
INFO 04 HHA - CSMC HOME HEALTH AGENCY - Mcare 057434 - MCal 713426 - Other 
INFO 04 N1 - COUNTRY VILLA MAR VISTA - Mcare  - MCal  - Other 
INFO 04 N2 - HANCOCK PARK CONV HOSP - Mcare  - MCal  - Other 
INFO 04 N3 - REHAB CENTER OF BEVERLY HILLS - Mcare 555700 - MCal  - Other 
INFO 04 N4 - NEW VISTA P/A SKILLED NRSNG - Mcare  - MCal  - Other 
INFO 04 N7 - BERKSHIRE CONVALESCENT - Mcare  - MCal  - Other 
INFO 04 NF - GUARDIAN REHAB CENTER - Mcare 056008 - MCal  - Other 
INFO 04 NH - . - Mcare  - MCal  - Other 
INFO 04 PM - . - Mcare  - MCal  - Other 
INFO 04 SC - SHARON CARE NURSING HOME - Mcare  - MCal  - Other 
INFO 04 SM - . - Mcare  - MCal  - Other 
INFO 04 SMC - SANTA MONICA CONVALESCENT - Mcare  - MCal  - Other 
INFO 04 WLA - W.L.A PAVILION CONV. HOSPITAL - Mcare  - MCal  - Other 
INFO 04 VP - VALLEY PRESBYTERIAN HOSPITAL - Mcare HSC30126F - MCal HSC30126F - Other 
INFO 04 B2 - . - Mcare  - MCal  - Other 
INFO 04 NR - NORTHRIDGE HOSPITAL - Mcare HSC30116F - MCal HSC30116F - Other 
INFO 04 GH - GRANADA HILLS CPMMUNITY HOSP - Mcare  - MCal 952404078 - Other 
INFO 04 NS - NORTHRIDGE HOSPITAL - Mcare  - MCal HSC30299J - Other 
INFO 04 TW - . - Mcare  - MCal  - Other 
INFO 04 TH - TARZANA HOSPITAL - Mcare HSC31408I - MCal  - Other 050561
INFO 04 BKL - BERKLEY VALLEY CONVALESCENT - Mcare 056253 - MCal 000001 - Other 
INFO 04 TAR - TARZANA HEALTH REABILITATION - Mcare 056124 - MCal  - Other 
INFO 04 WIN - WINDSOR GARDENS - Mcare 555012 - MCal ZZT05938L - Other 
INFO 04 VER - VERDUGO HOSPICE - Mcare  - MCal  - Other 
INFO 04 026 - OFFICE - Mcare  - MCal  - Other 
INFO 04 CAS - CASITAS HEALTHCARE CENTER - Mcare 056148 - MCal  - Other 
INFO 04 WT - WINDSOR TERRACE - Mcare 555738 - MCal  - Other 
INFO 04 RY - ROYAL - Mcare  - MCal  - Other 
INFO 04 HC - HILLCREST - Mcare  - MCal  - Other 
INFO 04 V - OFFICE - Mcare  - MCal  - Other 
INFO 04 VC - VERDUGO VALLEY CONVALESCENT - Mcare 053464 - MCal 0000 - Other 1174601280
INFO 04 VH - VERDUGO HILLS HOSPITAL - Mcare 050124 - MCal  - Other 
INFO 04 HOC - HOLLYWOOD COMMUNITY HOSPITAL - Mcare 050135 - MCal  - Other 
INFO 04 TP - TURNING POINT - Mcare  - MCal  - Other 
INFO 04 TP1 - TURNING POINT - Mcare  - MCal  - Other 
INFO 04 NC - NORTHRIDGE CARE CENTER - Mcare 056412 - MCal  - Other 
INFO 04 SO - SHERMAN OAKS HEALTH REHABILITA - Mcare 056250 - MCal  - Other 
INFO 04 SV - SIMI VALLEY CARE CENTER - Mcare 000005 - MCal  - Other 
INFO 04 W - DESIGN FOR LIVING - Mcare  - MCal  - Other 
INFO 04 W5 - SOBER LIVING - Mcare  - MCal  - Other 
INFO 04 O - ONTARIO SOBER LIVING - Mcare  - MCal  - Other 
INFO 04 MB - MARINA BY THE SEA - Mcare  - MCal  - Other 
INFO 04 SB - SANTA BARBARA CONVALESCENT - Mcare 00101 - MCal  - Other 
INFO 04 LH - LIGHTHOUSE MACLAY - Mcare 00025 - MCal  - Other 
INFO 04 N - NORTH VALLEY NURSING CENTER - Mcare 055146 - MCal ZZT05146K - Other 
INFO 04 LA - LA HEALTHCARE REHABILITATION - Mcare 00035 - MCal  - Other 
INFO 04 BR - BROTMAN MEDICAL CENTER - Mcare BR0021 - MCal BR0021 - Other 
INFO 05 VP - VALLEY PRESBUTERIAN - Mcare  - MCal HSC30126F - Other 
INFO 08 011 - CEDARS-SINAI MEDICAL CENTER - Mcare  - MCal  - Other 
INFO 08 012 - CENTURY CITY HOSPITAL - Mcare ZZT30625F - MCal ZZT30625F - Other 
INFO 08 013 - MIDWAY HOSPITAL MEDICAL CENTER - Mcare  - MCal  - Other 
INFO 08 015 - UCLA HOSPITAL - Mcare  - MCal  - Other 
INFO 08 018 - ST JOHN'S HOSPITAL - Mcare  - MCal  - Other 
INFO 08 B2 - . - Mcare  - MCal  - Other 
INFO 08 BV - . - Mcare  - MCal  - Other 
INFO 08 CED - CEDARS.VASCULAR DIAGNOSTIC CEN - Mcare  - MCal  - Other 
INFO 08 EL - . - Mcare  - MCal  - Other 
INFO 08 EM - . - Mcare  - MCal  - Other 
INFO 08 GH - GRANADA HILLS CPMMUNITY HOSP - Mcare  - MCal 952404078 - Other 
INFO 08 HHA - CSMC HOME HEALTH AGENCY - Mcare 057434 - MCal 713426 - Other 
INFO 08 N1 - COUNTRY VILLA MAR VISTA - Mcare  - MCal  - Other 
INFO 08 N2 - HANCOCK PARK CONV HOSP - Mcare  - MCal  - Other 
INFO 08 N3 - REHAB CENTER OF BEVERLY HILLS - Mcare 555700 - MCal  - Other 
INFO 08 N4 - NEW VISTA P/A SKILLED NRSNG - Mcare  - MCal  - Other 
INFO 08 N7 - BERKSHIRE CONVALESCENT - Mcare  - MCal  - Other 
INFO 08 NF - GUARDIAN REHAB CENTER - Mcare 056008 - MCal  - Other 
INFO 08 NH - . - Mcare  - MCal  - Other 
INFO 08 NR - NORTHRIDGE HOSPITAL - Mcare  - MCal HSC30116F - Other 
INFO 08 NS - NORTHRIDGE HOSPITAL - Mcare  - MCal HSC30299J - Other 
INFO 08 PM - . - Mcare  - MCal  - Other 
INFO 08 SC - SHARON CARE NURSING HOME - Mcare  - MCal  - Other 
INFO 08 SM - OFFICE - Mcare . - MCal . - Other .
INFO 08 SMC - SANTA MONICA CONVALESCENT - Mcare  - MCal  - Other 
INFO 08 TW - . - Mcare  - MCal  - Other 
INFO 08 VP - VALLEY PRESBYTERIAN HOSPITAL - Mcare HSC30126F - MCal HSC30126F - Other 
INFO 08 WLA - W.L.A PAVILION CONV. HOSPITAL - Mcare  - MCal  - Other 
INFO 08 FR - . - Mcare  - MCal  - Other 
INFO 08 FL - OFFICE - Mcare  - MCal  - Other 
INFO 08 AL. - . - Mcare  - MCal  - Other 
INFO 08 YA - OFFICE - Mcare  - MCal  - Other 
INFO 08 LF - OFFICE - Mcare  - MCal  - Other 
INFO 08 FO - . - Mcare  - MCal  - Other 
INFO 08 WA - . - Mcare . - MCal . - Other .
INFO 08 BA - . - Mcare  - MCal  - Other 
INFO 08 WH - . - Mcare  - MCal  - Other 
INFO 08 PA - . - Mcare  - MCal  - Other 
INFO 08 WE - OFFICE - Mcare  - MCal  - Other 
INFO 08 SA - . - Mcare  - MCal  - Other 
INFO 08 ES - OFFICE - Mcare  - MCal  - Other 
INFO 08 ST - . - Mcare  - MCal  - Other 
INFO 08 NEW - . - Mcare  - MCal  - Other 
INFO 08 AL - . - Mcare  - MCal  - Other 
INFO 08 FC - . - Mcare  - MCal  - Other 
INFO 08 AND - OFFICE - Mcare  - MCal  - Other 
INFO 08 POP - OFFICE - Mcare  - MCal  - Other 
INFO 08 CAL - OFFICE - Mcare  - MCal  - Other 
