Let the games begin....
C:\ULTRAMED\DIRECT.DAT
GO button has been pressed...
At least one date is selected - need to check service dates
Service dates not yet loaded - doing that now
Loading service dates
Loading service dates took 383.593 seconds
List of service dates contains: 8 records
Start date: 20140201 End date: 20140325
Building list of criteria...
Criteria: patients with dates of service in desired range...
Criteria: patients with dates of service in desired range...
Criteria: patients with dates of service in desired range...
Loading patients, checking birthdays...
Looking for birthdays between: 0101 and: 1231
Sorting patients...
Exporting...
Done!
GO button has been pressed...
At least one date is selected - need to check service dates
Service dates already loaded
List of service dates contains: 8 records
Start date: 20140225 End date: 20140325
Building list of criteria...
Criteria: patients with dates of service in desired range...
Criteria: patients with dates of service in desired range...
Criteria: patients with dates of service in desired range...
Loading patients, checking birthdays...
Looking for birthdays between: 0101 and: 1231
Sorting patients...
Exporting...
Done!
GO button has been pressed...
At least one date is selected - need to check service dates
Service dates already loaded
List of service dates contains: 8 records
Start date: 20140225 End date: 20140325
Building list of criteria...
Criteria: patients with dates of service in desired range...
Criteria: patients with dates of service in desired range...
Criteria: patients with dates of service in desired range...
Loading patients, checking birthdays...
Looking for birthdays between: 0101 and: 1231
Sorting patients...
Exporting...
Done!
GO button has been pressed...
At least one date is selected - need to check service dates
Service dates already loaded
List of service dates contains: 8 records
Start date: 20140225 End date: 20140325
Building list of criteria...
Criteria: patients with dates of service in desired range...
Criteria: patients with dates of service in desired range...
Loading patients, checking birthdays...
Looking for birthdays between: 0101 and: 1231
Sorting patients...
Exporting...
Done!
GO button has been pressed...
At least one date is selected - need to check service dates
Service dates already loaded
List of service dates contains: 8 records
Start date: 20140225 End date: 20140325
Building list of criteria...
Criteria: patients with dates of service in desired range...
Loading patients, checking birthdays...
Looking for birthdays between: 0101 and: 1231
Sorting patients...
Exporting...
Done!
