INFO 03 GRA - GRANADA HILLS COMMU HOSPITAL - Mcare  - MCal HSC30214F - Other 
INFO 03 NH1 - NORTHRIDGE HOSPITAL SHEMAN WAY - Mcare  - MCal HSC30299I - Other 
INFO 03 NH2 - NORTHRIDGE HOSPITAL MED CENTER - Mcare  - MCal HSC30116F - Other 
INFO 03 PRO - PROVIDENCE HOLY CROSS HOSPITAL - Mcare  - MCal HSC30278G - Other 
INFO 03 VAL - VALLEY PRESBYTERIAN HOSPITAL - Mcare  - MCal HSC30126F - Other 
INFO 03 ENC - ENCINO TARZANA MEDICAL CENTER - Mcare  - MCal HSC31408I - Other 
INFO 03 BHA - BEVERLY HILLS ADVANCE SURGERY - Mcare  - MCal  - Other 
INFO 03 CSI - CEDAR SINAI MEDICAL CENTER - Mcare HSC30625F - MCal HSC30625F - Other 
INFO 03 CEN - CENTURY CITY HOSPITAL - Mcare HSC30579H - MCal HSC30579H - Other 
INFO 03 TAR - TARZANA MEDICAL CENTER/HOSPI - Mcare  - MCal HSC31408I - Other 
INFO 03 BRT - BRENTWOOD SURGERY CENTER - Mcare  - MCal  - Other 
INFO 03 FED - FED MED GROUP DBA WESTSIDE MED - Mcare  - MCal  - Other 
INFO 03 BHS - BEVERLY HILLS SURGICAL INSTITU - Mcare  - MCal  - Other 
INFO 03 BRE - BRENTWOOD SURGERY CENTER - Mcare  - MCal  - Other 
INFO 03 BAY - BAY AREA MEDICAL GROUP - Mcare  - MCal  - Other 
INFO 03 EAM - ENCINO AMBULATORY MEDICAL CENT - Mcare  - MCal SALVE CALBOZO - Other 
INFO 03 RSM - RESEDA SURGERY&MEDICAL CENTER - Mcare  - MCal  - Other 
INFO 03 WES - WESTSIDE MED CTR/FEDERAL MED - Mcare  - MCal  - Other 
INFO 03 PAC - PACIFIC WILSHIRE MEDSURG CTR - Mcare  - MCal  - Other 
INFO 03 TEM - TEMPLE COMM HOSPITAL - Mcare  - MCal ZZT40111F - Other 
INFO 03 ADV - ADVANCED SURGICAL INSTITUTE - Mcare  - MCal  - Other 
INFO 03 DEB - ENCINO TARZANA, MED STAFF - Mcare  - MCal  - Other 
INFO 03 RES - RESEDA SURGERY & MEDIC CENTER - Mcare  - MCal  - Other 
INFO 03 . - . - Mcare  - MCal  - Other 
INFO 03 ANI - ANITA - Mcare  - MCal  - Other 
INFO 03 WIL - WILBUR SURGERY CENTER - Mcare  - MCal  - Other 
INFO 03 BHC - BH CENTER ARTHROSCOPIC SURGERY - Mcare  - MCal  - Other 
INFO 03 MID - MIDWAY HOSPITAL - Mcare  - MCal HSP40477G - Other 
INFO 03 MIP - MIDWAY HOSPITAL IP - Mcare  - MCal HSP30477G - Other 
INFO 03 DOU - DOCTOR OUTPATIENT SURGREY CTR - Mcare  - MCal  - Other 
INFO 03 ENR - ENCINO HOSPITAL - Mcare  - MCal  - Other 
INFO 03 TRE - TARZANA REHABILIATION CENTER - Mcare  - MCal  - Other 
INFO 03 REH - REHA CTR OF BEVERLY HILLS - Mcare  - MCal  - Other 
INFO 03 OLY - OLYMPIA MEDICAL CENTER IP - Mcare  - MCal HSP30477H - Other 
INFO 03 OLO - OLYMPIA MED CTR OUTPT - Mcare  - MCal HSP40477H - Other 
INFO 03 GEN - GENERATION OF CANOPA PARK - Mcare  - MCal  - Other 
INFO 03 CED - CEDARS CINAI MEDICAL CENTER - Mcare HSC30625F - MCal HSC30625F - Other 
INFO 01 020 - BEVERLY HILLS OUT/PAT.SURG.CNT - Mcare  - MCal  - Other 95-3292675
INFO 01 021 - Cedars Sinai Out Patient Centr - Mcare  - MCal  - Other 
INFO 01 034 - T.G.MAYER,M.D.- R.FLEMING,M.D. - Mcare  - MCal  - Other 
INFO 01 022 - BEVERLY HILLS MEDICAL CNETER - Mcare  - MCal  - Other 
INFO 01 011 - *DELETED - Mcare  - MCal  - Other 
INFO 01 012 - *DELETED - Mcare  - MCal  - Other 
INFO 04 011 - CEDARS-SINAI MEDICAL CENTER - Mcare M050625 - MCal  - Other 
INFO 04 012 - CENTURY CITY HOSPITAL - Mcare ZZT30625F - MCal ZZT30625F - Other 
INFO 04 013 - MIDWAY HOSPITAL MEDICAL CENTER - Mcare  - MCal  - Other 
INFO 04 015 - UCLA HOSPITAL - Mcare  - MCal  - Other 
INFO 04 018 - ST JOHN'S HOSPITAL - Mcare  - MCal  - Other 
INFO 04 BV - . - Mcare  - MCal  - Other 
INFO 04 CED - CEDARS.VASCULAR DIAGNOSTIC CEN - Mcare  - MCal  - Other 
INFO 04 EL - . - Mcare  - MCal  - Other 
INFO 04 EM - . - Mcare  - MCal  - Other 
INFO 04 HHA - CSMC HOME HEALTH AGENCY - Mcare 057434 - MCal 713426 - Other 
INFO 04 N1 - COUNTRY VILLA MAR VISTA - Mcare  - MCal  - Other 
INFO 04 N2 - HANCOCK PARK CONV HOSP - Mcare  - MCal  - Other 
INFO 04 N3 - REHAB CENTER OF BEVERLY HILLS - Mcare 555700 - MCal  - Other 
INFO 04 N4 - NEW VISTA P/A SKILLED NRSNG - Mcare  - MCal  - Other 
INFO 04 N7 - BERKSHIRE CONVALESCENT - Mcare  - MCal  - Other 
INFO 04 NF - GUARDIAN REHAB CENTER - Mcare 056008 - MCal  - Other 
INFO 04 NH - . - Mcare  - MCal  - Other 
INFO 04 PM - . - Mcare  - MCal  - Other 
INFO 04 SC - SHARON CARE NURSING HOME - Mcare  - MCal  - Other 
INFO 04 SM - . - Mcare  - MCal  - Other 
INFO 04 SMC - SANTA MONICA CONVALESCENT - Mcare  - MCal  - Other 
INFO 04 WLA - W.L.A PAVILION CONV. HOSPITAL - Mcare  - MCal  - Other 
INFO 04 VP - VALLEY PRESBYTERIAN HOSPITAL - Mcare HSC30126F - MCal HSC30126F - Other 
INFO 04 B2 - . - Mcare  - MCal  - Other 
INFO 04 NR - NORTHRIDGE HOSPITAL - Mcare HSC30116F - MCal HSC30116F - Other 
INFO 04 GH - GRANADA HILLS CPMMUNITY HOSP - Mcare  - MCal 952404078 - Other 
INFO 04 NS - NORTHRIDGE HOSPITAL - Mcare  - MCal HSC30299J - Other 
INFO 04 TW - . - Mcare  - MCal  - Other 
INFO 04 TH - TARZANA HOSPITAL - Mcare HSC31408I - MCal  - Other 050561
INFO 04 BKL - BERKLEY VALLEY CONVALESCENT - Mcare 056253 - MCal  - Other 
INFO 04 TAR - TARZANA HEALTH REABILITATION - Mcare 056124 - MCal  - Other 
INFO 04 WIN - WINDSOR GARDENS - Mcare 555012 - MCal ZZT05938L - Other 
INFO 04 VER - VERDUGO HOSPICE - Mcare  - MCal  - Other 
INFO 04 026 - OFFICE - Mcare  - MCal  - Other 
INFO 04 CAS - CASITAS HEALTHCARE CENTER - Mcare 056148 - MCal  - Other 
INFO 04 WT - WINDSOR TERRACE - Mcare 555738 - MCal  - Other 
INFO 04 RY - ROYAL - Mcare  - MCal  - Other 
INFO 04 HC - HILLCREST - Mcare  - MCal  - Other 
INFO 04 V - OFFICE - Mcare  - MCal  - Other 
INFO 04 VC - VERDUGO VALLEY CONVALESCENT - Mcare 053464 - MCal 0000 - Other 1174601280
INFO 04 VH - VERDUGO HILLS HOSPITAL - Mcare 050124 - MCal  - Other 
INFO 04 HOC - HOLLYWOOD COMMUNITY HOSPITAL - Mcare 050135 - MCal  - Other 
INFO 04 TP - TURNING POINT - Mcare  - MCal  - Other 
INFO 04 TP1 - TURNING POINT - Mcare  - MCal  - Other 
INFO 04 NC - NORTHRIDGE CARE CENTER - Mcare 056412 - MCal  - Other 
INFO 04 SO - SHERMAN OAKS HEALTH REHABILITA - Mcare 056250 - MCal  - Other 
